# JRE version: Java(TM) SE Runtime Environment (8.0_121-b13) (build 1.8.0_121-b13)
# Java VM: Java HotSpot(TM) 64-Bit Server VM (25.121-b13 mixed mode windows-amd64 compressed oops)
Heap:
 PSYoungGen      total 88064K, used 71242K [0x00000000eb580000, 0x00000000f1500000, 0x0000000100000000)
  eden space 80384K, 79% used [0x00000000eb580000,0x00000000ef396cf8,0x00000000f0400000)
  from space 7680K, 99% used [0x00000000f0d00000,0x00000000f147bd10,0x00000000f1480000)
  to   space 8704K, 0% used [0x00000000f0400000,0x00000000f0400000,0x00000000f0c80000)
 ParOldGen       total 36864K, used 9947K [0x00000000c2000000, 0x00000000c4400000, 0x00000000eb580000)
  object space 36864K, 26% used [0x00000000c2000000,0x00000000c29b6d90,0x00000000c4400000)
 Metaspace       used 34037K, capacity 34560K, committed 35072K, reserved 1079296K
  class space    used 4652K, capacity 4813K, committed 4864K, reserved 1048576K
GC Heap History (10 events):
Event: 3.397 GC heap before
{Heap before GC invocations=7 (full 0):
 PSYoungGen      total 38400K, used 36803K [0x00000000eb580000, 0x00000000ee180000, 0x0000000100000000)
  eden space 31744K, 100% used [0x00000000eb580000,0x00000000ed480000,0x00000000ed480000)
  from space 6656K, 76% used [0x00000000edb00000,0x00000000edff0f58,0x00000000ee180000)
  to   space 6656K, 0% used [0x00000000ed480000,0x00000000ed480000,0x00000000edb00000)
 ParOldGen       total 42496K, used 8693K [0x00000000c2000000, 0x00000000c4980000, 0x00000000eb580000)
  object space 42496K, 20% used [0x00000000c2000000,0x00000000c287d638,0x00000000c4980000)
 Metaspace       used 20360K, capacity 20642K, committed 20864K, reserved 1067008K
  class space    used 2790K, capacity 2866K, committed 2944K, reserved 1048576K
Event: 3.411 GC heap after
Heap after GC invocations=7 (full 0):
 PSYoungGen      total 38400K, used 6430K [0x00000000eb580000, 0x00000000f0180000, 0x0000000100000000)
  eden space 31744K, 0% used [0x00000000eb580000,0x00000000eb580000,0x00000000ed480000)
  from space 6656K, 96% used [0x00000000ed480000,0x00000000edac7a58,0x00000000edb00000)
  to   space 7168K, 0% used [0x00000000efa80000,0x00000000efa80000,0x00000000f0180000)
 ParOldGen       total 42496K, used 9493K [0x00000000c2000000, 0x00000000c4980000, 0x00000000eb580000)
  object space 42496K, 22% used [0x00000000c2000000,0x00000000c2945728,0x00000000c4980000)
 Metaspace       used 20360K, capacity 20642K, committed 20864K, reserved 1067008K
  class space    used 2790K, capacity 2866K, committed 2944K, reserved 1048576K
}
Event: 3.531 GC heap before
{Heap before GC invocations=8 (full 0):
 PSYoungGen      total 38400K, used 12250K [0x00000000eb580000, 0x00000000f0180000, 0x0000000100000000)
  eden space 31744K, 18% used [0x00000000eb580000,0x00000000ebb2f128,0x00000000ed480000)
  from space 6656K, 96% used [0x00000000ed480000,0x00000000edac7a58,0x00000000edb00000)
  to   space 7168K, 0% used [0x00000000efa80000,0x00000000efa80000,0x00000000f0180000)
 ParOldGen       total 42496K, used 9493K [0x00000000c2000000, 0x00000000c4980000, 0x00000000eb580000)
  object space 42496K, 22% used [0x00000000c2000000,0x00000000c2945728,0x00000000c4980000)
 Metaspace       used 20854K, capacity 21120K, committed 21296K, reserved 1067008K
  class space    used 2877K, capacity 2939K, committed 2944K, reserved 1048576K
Event: 3.540 GC heap after
Heap after GC invocations=8 (full 0):
 PSYoungGen      total 70656K, used 4072K [0x00000000eb580000, 0x00000000f0180000, 0x0000000100000000)
  eden space 63488K, 0% used [0x00000000eb580000,0x00000000eb580000,0x00000000ef380000)
  from space 7168K, 56% used [0x00000000efa80000,0x00000000efe7a180,0x00000000f0180000)
  to   space 7168K, 0% used [0x00000000ef380000,0x00000000ef380000,0x00000000efa80000)
 ParOldGen       total 42496K, used 10165K [0x00000000c2000000, 0x00000000c4980000, 0x00000000eb580000)
  object space 42496K, 23% used [0x00000000c2000000,0x00000000c29ed728,0x00000000c4980000)
 Metaspace       used 20854K, capacity 21120K, committed 21296K, reserved 1067008K
  class space    used 2877K, capacity 2939K, committed 2944K, reserved 1048576K
}
Event: 3.540 GC heap before
{Heap before GC invocations=9 (full 1):
 PSYoungGen      total 70656K, used 4072K [0x00000000eb580000, 0x00000000f0180000, 0x0000000100000000)
  eden space 63488K, 0% used [0x00000000eb580000,0x00000000eb580000,0x00000000ef380000)
  from space 7168K, 56% used [0x00000000efa80000,0x00000000efe7a180,0x00000000f0180000)
  to   space 7168K, 0% used [0x00000000ef380000,0x00000000ef380000,0x00000000efa80000)
 ParOldGen       total 42496K, used 10165K [0x00000000c2000000, 0x00000000c4980000, 0x00000000eb580000)
  object space 42496K, 23% used [0x00000000c2000000,0x00000000c29ed728,0x00000000c4980000)
 Metaspace       used 20854K, capacity 21120K, committed 21296K, reserved 1067008K
  class space    used 2877K, capacity 2939K, committed 2944K, reserved 1048576K
Event: 3.631 GC heap after
Heap after GC invocations=9 (full 1):
 PSYoungGen      total 70656K, used 0K [0x00000000eb580000, 0x00000000f0180000, 0x0000000100000000)
  eden space 63488K, 0% used [0x00000000eb580000,0x00000000eb580000,0x00000000ef380000)
  from space 7168K, 0% used [0x00000000efa80000,0x00000000efa80000,0x00000000f0180000)
  to   space 7168K, 0% used [0x00000000ef380000,0x00000000ef380000,0x00000000efa80000)
 ParOldGen       total 36864K, used 9724K [0x00000000c2000000, 0x00000000c4400000, 0x00000000eb580000)
  object space 36864K, 26% used [0x00000000c2000000,0x00000000c297f188,0x00000000c4400000)
 Metaspace       used 20854K, capacity 21120K, committed 21296K, reserved 1067008K
  class space    used 2877K, capacity 2939K, committed 2944K, reserved 1048576K
}
Event: 4.506 GC heap before
{Heap before GC invocations=10 (full 1):
 PSYoungGen      total 70656K, used 63488K [0x00000000eb580000, 0x00000000f0180000, 0x0000000100000000)
  eden space 63488K, 100% used [0x00000000eb580000,0x00000000ef380000,0x00000000ef380000)
  from space 7168K, 0% used [0x00000000efa80000,0x00000000efa80000,0x00000000f0180000)
  to   space 7168K, 0% used [0x00000000ef380000,0x00000000ef380000,0x00000000efa80000)
 ParOldGen       total 36864K, used 9724K [0x00000000c2000000, 0x00000000c4400000, 0x00000000eb580000)
  object space 36864K, 26% used [0x00000000c2000000,0x00000000c297f188,0x00000000c4400000)
 Metaspace       used 26473K, capacity 26876K, committed 27264K, reserved 1073152K
  class space    used 3722K, capacity 3858K, committed 3968K, reserved 1048576K
Event: 4.511 GC heap after
Heap after GC invocations=10 (full 1):
 PSYoungGen      total 70656K, used 6264K [0x00000000eb580000, 0x00000000f1480000, 0x0000000100000000)
  eden space 63488K, 0% used [0x00000000eb580000,0x00000000eb580000,0x00000000ef380000)
  from space 7168K, 87% used [0x00000000ef380000,0x00000000ef99e350,0x00000000efa80000)
  to   space 7680K, 0% used [0x00000000f0d00000,0x00000000f0d00000,0x00000000f1480000)
 ParOldGen       total 36864K, used 9732K [0x00000000c2000000, 0x00000000c4400000, 0x00000000eb580000)
  object space 36864K, 26% used [0x00000000c2000000,0x00000000c2981188,0x00000000c4400000)
 Metaspace       used 26473K, capacity 26876K, committed 27264K, reserved 1073152K
  class space    used 3722K, capacity 3858K, committed 3968K, reserved 1048576K
}
Event: 5.754 GC heap before
{Heap before GC invocations=11 (full 1):
 PSYoungGen      total 70656K, used 69752K [0x00000000eb580000, 0x00000000f1480000, 0x0000000100000000)
  eden space 63488K, 100% used [0x00000000eb580000,0x00000000ef380000,0x00000000ef380000)
  from space 7168K, 87% used [0x00000000ef380000,0x00000000ef99e350,0x00000000efa80000)
  to   space 7680K, 0% used [0x00000000f0d00000,0x00000000f0d00000,0x00000000f1480000)
 ParOldGen       total 36864K, used 9732K [0x00000000c2000000, 0x00000000c4400000, 0x00000000eb580000)
  object space 36864K, 26% used [0x00000000c2000000,0x00000000c2981188,0x00000000c4400000)
 Metaspace       used 30780K, capacity 31244K, committed 31744K, reserved 1077248K
  class space    used 4272K, capacity 4481K, committed 4608K, reserved 1048576K
Event: 5.767 GC heap after
Heap after GC invocations=11 (full 1):
 PSYoungGen      total 88064K, used 7663K [0x00000000eb580000, 0x00000000f1500000, 0x0000000100000000)
  eden space 80384K, 0% used [0x00000000eb580000,0x00000000eb580000,0x00000000f0400000)
  from space 7680K, 99% used [0x00000000f0d00000,0x00000000f147bd10,0x00000000f1480000)
  to   space 8704K, 0% used [0x00000000f0400000,0x00000000f0400000,0x00000000f0c80000)
 ParOldGen       total 36864K, used 9947K [0x00000000c2000000, 0x00000000c4400000, 0x00000000eb580000)
  object space 36864K, 26% used [0x00000000c2000000,0x00000000c29b6d90,0x00000000c4400000)
 Metaspace       used 30780K, capacity 31244K, committed 31744K, reserved 1077248K
  class space    used 4272K, capacity 4481K, committed 4608K, reserved 1048576K
}

