# JRE version: Java(TM) SE Runtime Environment (8.0_121-b13) (build 1.8.0_121-b13)
# Java VM: Java HotSpot(TM) 64-Bit Server VM (25.121-b13 mixed mode windows-amd64 compressed oops)
Heap:
 PSYoungGen      total 71680K, used 6229K [0x00000000eb580000, 0x00000000f0480000, 0x0000000100000000)
  eden space 62976K, 9% used [0x00000000eb580000,0x00000000ebb95590,0x00000000ef300000)
  from space 8704K, 0% used [0x00000000ef300000,0x00000000ef300000,0x00000000efb80000)
  to   space 8192K, 0% used [0x00000000efb80000,0x00000000efb80000,0x00000000f0380000)
 ParOldGen       total 37376K, used 11396K [0x00000000c2000000, 0x00000000c4480000, 0x00000000eb580000)
  object space 37376K, 30% used [0x00000000c2000000,0x00000000c2b21238,0x00000000c4480000)
 Metaspace       used 21212K, capacity 21444K, committed 21760K, reserved 1069056K
  class space    used 2933K, capacity 3003K, committed 3072K, reserved 1048576K
GC Heap History (10 events):
Event: 1.928 GC heap before
{Heap before GC invocations=4 (full 0):
 PSYoungGen      total 18432K, used 18400K [0x00000000eb580000, 0x00000000ed980000, 0x0000000100000000)
  eden space 15872K, 100% used [0x00000000eb580000,0x00000000ec500000,0x00000000ec500000)
  from space 2560K, 98% used [0x00000000ec500000,0x00000000ec778030,0x00000000ec780000)
  to   space 2560K, 0% used [0x00000000ed700000,0x00000000ed700000,0x00000000ed980000)
 ParOldGen       total 42496K, used 2931K [0x00000000c2000000, 0x00000000c4980000, 0x00000000eb580000)
  object space 42496K, 6% used [0x00000000c2000000,0x00000000c22dced8,0x00000000c4980000)
 Metaspace       used 11057K, capacity 11364K, committed 11648K, reserved 1058816K
  class space    used 1532K, capacity 1612K, committed 1664K, reserved 1048576K
Event: 1.934 GC heap after
Heap after GC invocations=4 (full 0):
 PSYoungGen      total 34304K, used 2544K [0x00000000eb580000, 0x00000000ed980000, 0x0000000100000000)
  eden space 31744K, 0% used [0x00000000eb580000,0x00000000eb580000,0x00000000ed480000)
  from space 2560K, 99% used [0x00000000ed700000,0x00000000ed97c040,0x00000000ed980000)
  to   space 2560K, 0% used [0x00000000ed480000,0x00000000ed480000,0x00000000ed700000)
 ParOldGen       total 42496K, used 5031K [0x00000000c2000000, 0x00000000c4980000, 0x00000000eb580000)
  object space 42496K, 11% used [0x00000000c2000000,0x00000000c24e9ef8,0x00000000c4980000)
 Metaspace       used 11057K, capacity 11364K, committed 11648K, reserved 1058816K
  class space    used 1532K, capacity 1612K, committed 1664K, reserved 1048576K
}
Event: 3.763 GC heap before
{Heap before GC invocations=5 (full 0):
 PSYoungGen      total 34304K, used 34288K [0x00000000eb580000, 0x00000000ed980000, 0x0000000100000000)
  eden space 31744K, 100% used [0x00000000eb580000,0x00000000ed480000,0x00000000ed480000)
  from space 2560K, 99% used [0x00000000ed700000,0x00000000ed97c040,0x00000000ed980000)
  to   space 2560K, 0% used [0x00000000ed480000,0x00000000ed480000,0x00000000ed700000)
 ParOldGen       total 42496K, used 5031K [0x00000000c2000000, 0x00000000c4980000, 0x00000000eb580000)
  object space 42496K, 11% used [0x00000000c2000000,0x00000000c24e9ef8,0x00000000c4980000)
 Metaspace       used 17168K, capacity 17462K, committed 17664K, reserved 1064960K
  class space    used 2372K, capacity 2448K, committed 2560K, reserved 1048576K
Event: 3.769 GC heap after
Heap after GC invocations=5 (full 0):
 PSYoungGen      total 34304K, used 2544K [0x00000000eb580000, 0x00000000f0380000, 0x0000000100000000)
  eden space 31744K, 0% used [0x00000000eb580000,0x00000000eb580000,0x00000000ed480000)
  from space 2560K, 99% used [0x00000000ed480000,0x00000000ed6fc020,0x00000000ed700000)
  to   space 8192K, 0% used [0x00000000efb80000,0x00000000efb80000,0x00000000f0380000)
 ParOldGen       total 42496K, used 11164K [0x00000000c2000000, 0x00000000c4980000, 0x00000000eb580000)
  object space 42496K, 26% used [0x00000000c2000000,0x00000000c2ae72a8,0x00000000c4980000)
 Metaspace       used 17168K, capacity 17462K, committed 17664K, reserved 1064960K
  class space    used 2372K, capacity 2448K, committed 2560K, reserved 1048576K
}
Event: 4.397 GC heap before
{Heap before GC invocations=6 (full 0):
 PSYoungGen      total 34304K, used 34288K [0x00000000eb580000, 0x00000000f0380000, 0x0000000100000000)
  eden space 31744K, 100% used [0x00000000eb580000,0x00000000ed480000,0x00000000ed480000)
  from space 2560K, 99% used [0x00000000ed480000,0x00000000ed6fc020,0x00000000ed700000)
  to   space 8192K, 0% used [0x00000000efb80000,0x00000000efb80000,0x00000000f0380000)
 ParOldGen       total 42496K, used 11164K [0x00000000c2000000, 0x00000000c4980000, 0x00000000eb580000)
  object space 42496K, 26% used [0x00000000c2000000,0x00000000c2ae72a8,0x00000000c4980000)
 Metaspace       used 20321K, capacity 20578K, committed 20864K, reserved 1067008K
  class space    used 2786K, capacity 2866K, committed 2944K, reserved 1048576K
Event: 4.413 GC heap after
Heap after GC invocations=6 (full 0):
 PSYoungGen      total 71168K, used 6467K [0x00000000eb580000, 0x00000000f0480000, 0x0000000100000000)
  eden space 62976K, 0% used [0x00000000eb580000,0x00000000eb580000,0x00000000ef300000)
  from space 8192K, 78% used [0x00000000efb80000,0x00000000f01d0d48,0x00000000f0380000)
  to   space 8704K, 0% used [0x00000000ef300000,0x00000000ef300000,0x00000000efb80000)
 ParOldGen       total 42496K, used 11164K [0x00000000c2000000, 0x00000000c4980000, 0x00000000eb580000)
  object space 42496K, 26% used [0x00000000c2000000,0x00000000c2ae72a8,0x00000000c4980000)
 Metaspace       used 20321K, capacity 20578K, committed 20864K, reserved 1067008K
  class space    used 2786K, capacity 2866K, committed 2944K, reserved 1048576K
}
Event: 4.547 GC heap before
{Heap before GC invocations=7 (full 0):
 PSYoungGen      total 71168K, used 12978K [0x00000000eb580000, 0x00000000f0480000, 0x0000000100000000)
  eden space 62976K, 10% used [0x00000000eb580000,0x00000000ebbdbe48,0x00000000ef300000)
  from space 8192K, 78% used [0x00000000efb80000,0x00000000f01d0d48,0x00000000f0380000)
  to   space 8704K, 0% used [0x00000000ef300000,0x00000000ef300000,0x00000000efb80000)
 ParOldGen       total 42496K, used 11164K [0x00000000c2000000, 0x00000000c4980000, 0x00000000eb580000)
  object space 42496K, 26% used [0x00000000c2000000,0x00000000c2ae72a8,0x00000000c4980000)
 Metaspace       used 20856K, capacity 21120K, committed 21296K, reserved 1067008K
  class space    used 2878K, capacity 2939K, committed 2944K, reserved 1048576K
Event: 4.556 GC heap after
Heap after GC invocations=7 (full 0):
 PSYoungGen      total 71680K, used 3861K [0x00000000eb580000, 0x00000000f0480000, 0x0000000100000000)
  eden space 62976K, 0% used [0x00000000eb580000,0x00000000eb580000,0x00000000ef300000)
  from space 8704K, 44% used [0x00000000ef300000,0x00000000ef6c5640,0x00000000efb80000)
  to   space 8192K, 0% used [0x00000000efb80000,0x00000000efb80000,0x00000000f0380000)
 ParOldGen       total 42496K, used 12116K [0x00000000c2000000, 0x00000000c4980000, 0x00000000eb580000)
  object space 42496K, 28% used [0x00000000c2000000,0x00000000c2bd5398,0x00000000c4980000)
 Metaspace       used 20856K, capacity 21120K, committed 21296K, reserved 1067008K
  class space    used 2878K, capacity 2939K, committed 2944K, reserved 1048576K
}
Event: 4.556 GC heap before
{Heap before GC invocations=8 (full 1):
 PSYoungGen      total 71680K, used 3861K [0x00000000eb580000, 0x00000000f0480000, 0x0000000100000000)
  eden space 62976K, 0% used [0x00000000eb580000,0x00000000eb580000,0x00000000ef300000)
  from space 8704K, 44% used [0x00000000ef300000,0x00000000ef6c5640,0x00000000efb80000)
  to   space 8192K, 0% used [0x00000000efb80000,0x00000000efb80000,0x00000000f0380000)
 ParOldGen       total 42496K, used 12116K [0x00000000c2000000, 0x00000000c4980000, 0x00000000eb580000)
  object space 42496K, 28% used [0x00000000c2000000,0x00000000c2bd5398,0x00000000c4980000)
 Metaspace       used 20856K, capacity 21120K, committed 21296K, reserved 1067008K
  class space    used 2878K, capacity 2939K, committed 2944K, reserved 1048576K
Event: 4.606 GC heap after
Heap after GC invocations=8 (full 1):
 PSYoungGen      total 71680K, used 0K [0x00000000eb580000, 0x00000000f0480000, 0x0000000100000000)
  eden space 62976K, 0% used [0x00000000eb580000,0x00000000eb580000,0x00000000ef300000)
  from space 8704K, 0% used [0x00000000ef300000,0x00000000ef300000,0x00000000efb80000)
  to   space 8192K, 0% used [0x00000000efb80000,0x00000000efb80000,0x00000000f0380000)
 ParOldGen       total 37376K, used 11396K [0x00000000c2000000, 0x00000000c4480000, 0x00000000eb580000)
  object space 37376K, 30% used [0x00000000c2000000,0x00000000c2b21238,0x00000000c4480000)
 Metaspace       used 20856K, capacity 21120K, committed 21296K, reserved 1067008K
  class space    used 2878K, capacity 2939K, committed 2944K, reserved 1048576K
}

