# JRE version: Java(TM) SE Runtime Environment (8.0_121-b13) (build 1.8.0_121-b13)
# Java VM: Java HotSpot(TM) 64-Bit Server VM (25.121-b13 mixed mode windows-amd64 compressed oops)
Heap:
 PSYoungGen      total 38400K, used 6338K [0x00000000eb580000, 0x00000000ee180000, 0x0000000100000000)
  eden space 31744K, 19% used [0x00000000eb580000,0x00000000ebbb0a80,0x00000000ed480000)
  from space 6656K, 0% used [0x00000000edb00000,0x00000000edb00000,0x00000000ee180000)
  to   space 6656K, 0% used [0x00000000ed480000,0x00000000ed480000,0x00000000edb00000)
 ParOldGen       total 35840K, used 9679K [0x00000000c2000000, 0x00000000c4300000, 0x00000000eb580000)
  object space 35840K, 27% used [0x00000000c2000000,0x00000000c2973ef0,0x00000000c4300000)
 Metaspace       used 21317K, capacity 21604K, committed 21760K, reserved 1069056K
  class space    used 2939K, capacity 3035K, committed 3072K, reserved 1048576K
GC Heap History (10 events):
Event: 2.019 GC heap before
{Heap before GC invocations=5 (full 0):
 PSYoungGen      total 18432K, used 18416K [0x00000000eb580000, 0x00000000ed980000, 0x0000000100000000)
  eden space 15872K, 100% used [0x00000000eb580000,0x00000000ec500000,0x00000000ec500000)
  from space 2560K, 99% used [0x00000000ec780000,0x00000000ec9fc060,0x00000000eca00000)
  to   space 2560K, 0% used [0x00000000ec500000,0x00000000ec500000,0x00000000ec780000)
 ParOldGen       total 42496K, used 5024K [0x00000000c2000000, 0x00000000c4980000, 0x00000000eb580000)
  object space 42496K, 11% used [0x00000000c2000000,0x00000000c24e83e0,0x00000000c4980000)
 Metaspace       used 14918K, capacity 15172K, committed 15488K, reserved 1062912K
  class space    used 2015K, capacity 2092K, committed 2176K, reserved 1048576K
Event: 2.026 GC heap after
Heap after GC invocations=5 (full 0):
 PSYoungGen      total 18432K, used 2549K [0x00000000eb580000, 0x00000000ee180000, 0x0000000100000000)
  eden space 15872K, 0% used [0x00000000eb580000,0x00000000eb580000,0x00000000ec500000)
  from space 2560K, 99% used [0x00000000ec500000,0x00000000ec77d410,0x00000000ec780000)
  to   space 6656K, 0% used [0x00000000edb00000,0x00000000edb00000,0x00000000ee180000)
 ParOldGen       total 42496K, used 8699K [0x00000000c2000000, 0x00000000c4980000, 0x00000000eb580000)
  object space 42496K, 20% used [0x00000000c2000000,0x00000000c287ec70,0x00000000c4980000)
 Metaspace       used 14918K, capacity 15172K, committed 15488K, reserved 1062912K
  class space    used 2015K, capacity 2092K, committed 2176K, reserved 1048576K
}
Event: 3.045 GC heap before
{Heap before GC invocations=6 (full 0):
 PSYoungGen      total 18432K, used 18421K [0x00000000eb580000, 0x00000000ee180000, 0x0000000100000000)
  eden space 15872K, 100% used [0x00000000eb580000,0x00000000ec500000,0x00000000ec500000)
  from space 2560K, 99% used [0x00000000ec500000,0x00000000ec77d410,0x00000000ec780000)
  to   space 6656K, 0% used [0x00000000edb00000,0x00000000edb00000,0x00000000ee180000)
 ParOldGen       total 42496K, used 8699K [0x00000000c2000000, 0x00000000c4980000, 0x00000000eb580000)
  object space 42496K, 20% used [0x00000000c2000000,0x00000000c287ec70,0x00000000c4980000)
 Metaspace       used 17148K, capacity 17398K, committed 17664K, reserved 1064960K
  class space    used 2372K, capacity 2448K, committed 2560K, reserved 1048576K
Event: 3.053 GC heap after
Heap after GC invocations=6 (full 0):
 PSYoungGen      total 38400K, used 5150K [0x00000000eb580000, 0x00000000ee180000, 0x0000000100000000)
  eden space 31744K, 0% used [0x00000000eb580000,0x00000000eb580000,0x00000000ed480000)
  from space 6656K, 77% used [0x00000000edb00000,0x00000000ee007a68,0x00000000ee180000)
  to   space 6656K, 0% used [0x00000000ed480000,0x00000000ed480000,0x00000000edb00000)
 ParOldGen       total 42496K, used 8707K [0x00000000c2000000, 0x00000000c4980000, 0x00000000eb580000)
  object space 42496K, 20% used [0x00000000c2000000,0x00000000c2880c70,0x00000000c4980000)
 Metaspace       used 17148K, capacity 17398K, committed 17664K, reserved 1064960K
  class space    used 2372K, capacity 2448K, committed 2560K, reserved 1048576K
}
Event: 3.521 GC heap before
{Heap before GC invocations=7 (full 0):
 PSYoungGen      total 38400K, used 36894K [0x00000000eb580000, 0x00000000ee180000, 0x0000000100000000)
  eden space 31744K, 100% used [0x00000000eb580000,0x00000000ed480000,0x00000000ed480000)
  from space 6656K, 77% used [0x00000000edb00000,0x00000000ee007a68,0x00000000ee180000)
  to   space 6656K, 0% used [0x00000000ed480000,0x00000000ed480000,0x00000000edb00000)
 ParOldGen       total 42496K, used 8707K [0x00000000c2000000, 0x00000000c4980000, 0x00000000eb580000)
  object space 42496K, 20% used [0x00000000c2000000,0x00000000c2880c70,0x00000000c4980000)
 Metaspace       used 20352K, capacity 20642K, committed 20864K, reserved 1067008K
  class space    used 2791K, capacity 2866K, committed 2944K, reserved 1048576K
Event: 3.534 GC heap after
Heap after GC invocations=7 (full 0):
 PSYoungGen      total 38400K, used 6320K [0x00000000eb580000, 0x00000000ee180000, 0x0000000100000000)
  eden space 31744K, 0% used [0x00000000eb580000,0x00000000eb580000,0x00000000ed480000)
  from space 6656K, 94% used [0x00000000ed480000,0x00000000edaac2d0,0x00000000edb00000)
  to   space 6656K, 0% used [0x00000000edb00000,0x00000000edb00000,0x00000000ee180000)
 ParOldGen       total 42496K, used 9671K [0x00000000c2000000, 0x00000000c4980000, 0x00000000eb580000)
  object space 42496K, 22% used [0x00000000c2000000,0x00000000c2971da0,0x00000000c4980000)
 Metaspace       used 20352K, capacity 20642K, committed 20864K, reserved 1067008K
  class space    used 2791K, capacity 2866K, committed 2944K, reserved 1048576K
}
Event: 3.683 GC heap before
{Heap before GC invocations=8 (full 0):
 PSYoungGen      total 38400K, used 12114K [0x00000000eb580000, 0x00000000ee180000, 0x0000000100000000)
  eden space 31744K, 18% used [0x00000000eb580000,0x00000000ebb28628,0x00000000ed480000)
  from space 6656K, 94% used [0x00000000ed480000,0x00000000edaac2d0,0x00000000edb00000)
  to   space 6656K, 0% used [0x00000000edb00000,0x00000000edb00000,0x00000000ee180000)
 ParOldGen       total 42496K, used 9671K [0x00000000c2000000, 0x00000000c4980000, 0x00000000eb580000)
  object space 42496K, 22% used [0x00000000c2000000,0x00000000c2971da0,0x00000000c4980000)
 Metaspace       used 20848K, capacity 21120K, committed 21296K, reserved 1067008K
  class space    used 2878K, capacity 2939K, committed 2944K, reserved 1048576K
Event: 3.695 GC heap after
Heap after GC invocations=8 (full 0):
 PSYoungGen      total 38400K, used 4093K [0x00000000eb580000, 0x00000000ee180000, 0x0000000100000000)
  eden space 31744K, 0% used [0x00000000eb580000,0x00000000eb580000,0x00000000ed480000)
  from space 6656K, 61% used [0x00000000edb00000,0x00000000edeff560,0x00000000ee180000)
  to   space 6656K, 0% used [0x00000000ed480000,0x00000000ed480000,0x00000000edb00000)
 ParOldGen       total 42496K, used 10171K [0x00000000c2000000, 0x00000000c4980000, 0x00000000eb580000)
  object space 42496K, 23% used [0x00000000c2000000,0x00000000c29eedb0,0x00000000c4980000)
 Metaspace       used 20848K, capacity 21120K, committed 21296K, reserved 1067008K
  class space    used 2878K, capacity 2939K, committed 2944K, reserved 1048576K
}
Event: 3.695 GC heap before
{Heap before GC invocations=9 (full 1):
 PSYoungGen      total 38400K, used 4093K [0x00000000eb580000, 0x00000000ee180000, 0x0000000100000000)
  eden space 31744K, 0% used [0x00000000eb580000,0x00000000eb580000,0x00000000ed480000)
  from space 6656K, 61% used [0x00000000edb00000,0x00000000edeff560,0x00000000ee180000)
  to   space 6656K, 0% used [0x00000000ed480000,0x00000000ed480000,0x00000000edb00000)
 ParOldGen       total 42496K, used 10171K [0x00000000c2000000, 0x00000000c4980000, 0x00000000eb580000)
  object space 42496K, 23% used [0x00000000c2000000,0x00000000c29eedb0,0x00000000c4980000)
 Metaspace       used 20848K, capacity 21120K, committed 21296K, reserved 1067008K
  class space    used 2878K, capacity 2939K, committed 2944K, reserved 1048576K
Event: 3.769 GC heap after
Heap after GC invocations=9 (full 1):
 PSYoungGen      total 38400K, used 0K [0x00000000eb580000, 0x00000000ee180000, 0x0000000100000000)
  eden space 31744K, 0% used [0x00000000eb580000,0x00000000eb580000,0x00000000ed480000)
  from space 6656K, 0% used [0x00000000edb00000,0x00000000edb00000,0x00000000ee180000)
  to   space 6656K, 0% used [0x00000000ed480000,0x00000000ed480000,0x00000000edb00000)
 ParOldGen       total 35840K, used 9679K [0x00000000c2000000, 0x00000000c4300000, 0x00000000eb580000)
  object space 35840K, 27% used [0x00000000c2000000,0x00000000c2973ef0,0x00000000c4300000)
 Metaspace       used 20848K, capacity 21120K, committed 21296K, reserved 1067008K
  class space    used 2878K, capacity 2939K, committed 2944K, reserved 1048576K
}

